# JRE version: OpenJDK Runtime Environment (8.0_111-b14) (build 1.8.0_111-8u111-b14-3~14.04.1-b14)
# Java VM: OpenJDK 64-Bit Server VM (25.111-b14 mixed mode linux-amd64 compressed oops)
Heap:
 PSYoungGen      total 517120K, used 7840K [0x00000000d7100000, 0x00000000f7400000, 0x0000000100000000)
  eden space 507392K, 0% used [0x00000000d7100000,0x00000000d7100000,0x00000000f6080000)
  from space 9728K, 80% used [0x00000000f6080000,0x00000000f6828070,0x00000000f6a00000)
  to   space 9216K, 0% used [0x00000000f6a00000,0x00000000f6a00000,0x00000000f7300000)
 ParOldGen       total 84992K, used 6422K [0x0000000085200000, 0x000000008a500000, 0x00000000d7100000)
  object space 84992K, 7% used [0x0000000085200000,0x0000000085845a80,0x000000008a500000)
 Metaspace       used 9667K, capacity 9887K, committed 9984K, reserved 1058816K
  class space    used 936K, capacity 998K, committed 1024K, reserved 1048576K
GC Heap History (10 events):
Event: 2.897 GC heap after
Heap after GC invocations=4 (full 0):
 PSYoungGen      total 132096K, used 5088K [0x00000000d7100000, 0x00000000df700000, 0x0000000100000000)
  eden space 126976K, 0% used [0x00000000d7100000,0x00000000d7100000,0x00000000ded00000)
  from space 5120K, 99% used [0x00000000df200000,0x00000000df6f8030,0x00000000df700000)
  to   space 5120K, 0% used [0x00000000ded00000,0x00000000ded00000,0x00000000df200000)
 ParOldGen       total 84992K, used 4440K [0x0000000085200000, 0x000000008a500000, 0x00000000d7100000)
  object space 84992K, 5% used [0x0000000085200000,0x0000000085656040,0x000000008a500000)
 Metaspace       used 9638K, capacity 9759K, committed 9984K, reserved 1058816K
  class space    used 936K, capacity 998K, committed 1024K, reserved 1048576K
}
Event: 3.143 GC heap before
{Heap before GC invocations=5 (full 0):
 PSYoungGen      total 132096K, used 132064K [0x00000000d7100000, 0x00000000df700000, 0x0000000100000000)
  eden space 126976K, 100% used [0x00000000d7100000,0x00000000ded00000,0x00000000ded00000)
  from space 5120K, 99% used [0x00000000df200000,0x00000000df6f8030,0x00000000df700000)
  to   space 5120K, 0% used [0x00000000ded00000,0x00000000ded00000,0x00000000df200000)
 ParOldGen       total 84992K, used 4440K [0x0000000085200000, 0x000000008a500000, 0x00000000d7100000)
  object space 84992K, 5% used [0x0000000085200000,0x0000000085656040,0x000000008a500000)
 Metaspace       used 9639K, capacity 9759K, committed 9984K, reserved 1058816K
  class space    used 936K, capacity 998K, committed 1024K, reserved 1048576K
Event: 3.157 GC heap after
Heap after GC invocations=5 (full 0):
 PSYoungGen      total 132096K, used 5088K [0x00000000d7100000, 0x00000000e7a00000, 0x0000000100000000)
  eden space 126976K, 0% used [0x00000000d7100000,0x00000000d7100000,0x00000000ded00000)
  from space 5120K, 99% used [0x00000000ded00000,0x00000000df1f8030,0x00000000df200000)
  to   space 8704K, 0% used [0x00000000e7180000,0x00000000e7180000,0x00000000e7a00000)
 ParOldGen       total 84992K, used 4664K [0x0000000085200000, 0x000000008a500000, 0x00000000d7100000)
  object space 84992K, 5% used [0x0000000085200000,0x000000008568e040,0x000000008a500000)
 Metaspace       used 9639K, capacity 9759K, committed 9984K, reserved 1058816K
  class space    used 936K, capacity 998K, committed 1024K, reserved 1048576K
}
Event: 3.419 GC heap before
{Heap before GC invocations=6 (full 0):
 PSYoungGen      total 132096K, used 132064K [0x00000000d7100000, 0x00000000e7a00000, 0x0000000100000000)
  eden space 126976K, 100% used [0x00000000d7100000,0x00000000ded00000,0x00000000ded00000)
  from space 5120K, 99% used [0x00000000ded00000,0x00000000df1f8030,0x00000000df200000)
  to   space 8704K, 0% used [0x00000000e7180000,0x00000000e7180000,0x00000000e7a00000)
 ParOldGen       total 84992K, used 4664K [0x0000000085200000, 0x000000008a500000, 0x00000000d7100000)
  object space 84992K, 5% used [0x0000000085200000,0x000000008568e040,0x000000008a500000)
 Metaspace       used 9644K, capacity 9823K, committed 9984K, reserved 1058816K
  class space    used 936K, capacity 998K, committed 1024K, reserved 1048576K
Event: 3.441 GC heap after
Heap after GC invocations=6 (full 0):
 PSYoungGen      total 262656K, used 3200K [0x00000000d7100000, 0x00000000e7a00000, 0x0000000100000000)
  eden space 253952K, 0% used [0x00000000d7100000,0x00000000d7100000,0x00000000e6900000)
  from space 8704K, 36% used [0x00000000e7180000,0x00000000e74a0010,0x00000000e7a00000)
  to   space 8704K, 0% used [0x00000000e6900000,0x00000000e6900000,0x00000000e7180000)
 ParOldGen       total 84992K, used 4672K [0x0000000085200000, 0x000000008a500000, 0x00000000d7100000)
  object space 84992K, 5% used [0x0000000085200000,0x0000000085690040,0x000000008a500000)
 Metaspace       used 9644K, capacity 9823K, committed 9984K, reserved 1058816K
  class space    used 936K, capacity 998K, committed 1024K, reserved 1048576K
}
Event: 4.109 GC heap before
{Heap before GC invocations=7 (full 0):
 PSYoungGen      total 262656K, used 257152K [0x00000000d7100000, 0x00000000e7a00000, 0x0000000100000000)
  eden space 253952K, 100% used [0x00000000d7100000,0x00000000e6900000,0x00000000e6900000)
  from space 8704K, 36% used [0x00000000e7180000,0x00000000e74a0010,0x00000000e7a00000)
  to   space 8704K, 0% used [0x00000000e6900000,0x00000000e6900000,0x00000000e7180000)
 ParOldGen       total 84992K, used 4672K [0x0000000085200000, 0x000000008a500000, 0x00000000d7100000)
  object space 84992K, 5% used [0x0000000085200000,0x0000000085690040,0x000000008a500000)
 Metaspace       used 9649K, capacity 9887K, committed 9984K, reserved 1058816K
  class space    used 936K, capacity 998K, committed 1024K, reserved 1048576K
Event: 4.123 GC heap after
Heap after GC invocations=7 (full 0):
 PSYoungGen      total 262656K, used 7024K [0x00000000d7100000, 0x00000000f7300000, 0x0000000100000000)
  eden space 253952K, 0% used [0x00000000d7100000,0x00000000d7100000,0x00000000e6900000)
  from space 8704K, 80% used [0x00000000e6900000,0x00000000e6fdc070,0x00000000e7180000)
  to   space 9216K, 0% used [0x00000000f6a00000,0x00000000f6a00000,0x00000000f7300000)
 ParOldGen       total 84992K, used 6374K [0x0000000085200000, 0x000000008a500000, 0x00000000d7100000)
  object space 84992K, 7% used [0x0000000085200000,0x0000000085839a80,0x000000008a500000)
 Metaspace       used 9649K, capacity 9887K, committed 9984K, reserved 1058816K
  class space    used 936K, capacity 998K, committed 1024K, reserved 1048576K
}
Event: 4.834 GC heap before
{Heap before GC invocations=8 (full 0):
 PSYoungGen      total 262656K, used 260104K [0x00000000d7100000, 0x00000000f7300000, 0x0000000100000000)
  eden space 253952K, 99% used [0x00000000d7100000,0x00000000e6826048,0x00000000e6900000)
  from space 8704K, 80% used [0x00000000e6900000,0x00000000e6fdc070,0x00000000e7180000)
  to   space 9216K, 0% used [0x00000000f6a00000,0x00000000f6a00000,0x00000000f7300000)
 ParOldGen       total 84992K, used 6374K [0x0000000085200000, 0x000000008a500000, 0x00000000d7100000)
  object space 84992K, 7% used [0x0000000085200000,0x0000000085839a80,0x000000008a500000)
 Metaspace       used 9653K, capacity 9887K, committed 9984K, reserved 1058816K
  class space    used 936K, capacity 998K, committed 1024K, reserved 1048576K
Event: 4.847 GC heap after
Heap after GC invocations=8 (full 0):
 PSYoungGen      total 516608K, used 816K [0x00000000d7100000, 0x00000000f7400000, 0x0000000100000000)
  eden space 507392K, 0% used [0x00000000d7100000,0x00000000d7100000,0x00000000f6080000)
  from space 9216K, 8% used [0x00000000f6a00000,0x00000000f6acc010,0x00000000f7300000)
  to   space 9728K, 0% used [0x00000000f6080000,0x00000000f6080000,0x00000000f6a00000)
 ParOldGen       total 84992K, used 6398K [0x0000000085200000, 0x000000008a500000, 0x00000000d7100000)
  object space 84992K, 7% used [0x0000000085200000,0x000000008583fa80,0x000000008a500000)
 Metaspace       used 9653K, capacity 9887K, committed 9984K, reserved 1058816K
  class space    used 936K, capacity 998K, committed 1024K, reserved 1048576K
}
Event: 6.042 GC heap before
{Heap before GC invocations=9 (full 0):
 PSYoungGen      total 516608K, used 508208K [0x00000000d7100000, 0x00000000f7400000, 0x0000000100000000)
  eden space 507392K, 100% used [0x00000000d7100000,0x00000000f6080000,0x00000000f6080000)
  from space 9216K, 8% used [0x00000000f6a00000,0x00000000f6acc010,0x00000000f7300000)
  to   space 9728K, 0% used [0x00000000f6080000,0x00000000f6080000,0x00000000f6a00000)
 ParOldGen       total 84992K, used 6398K [0x0000000085200000, 0x000000008a500000, 0x00000000d7100000)
  object space 84992K, 7% used [0x0000000085200000,0x000000008583fa80,0x000000008a500000)
 Metaspace       used 9667K, capacity 9887K, committed 9984K, reserved 1058816K
  class space    used 936K, capacity 998K, committed 1024K, reserved 1048576K

